SkinTest/build/outputs/logs/manifest-merger-debug-report.txt
-- Merging decision tree log ---
manifest
ADDED from trunk\SkinTest\AndroidManifest.xml:2:1-33:12
	package
		ADDED from trunk\SkinTest\AndroidManifest.xml:3:5-35
	android:versionName
		ADDED from trunk\SkinTest\AndroidManifest.xml:5:5-30
		INJECTED from trunk\SkinTest\AndroidManifest.xml
		INJECTED from trunk\SkinTest\AndroidManifest.xml
	android:versionCode
		ADDED from trunk\SkinTest\AndroidManifest.xml:4:5-28
		INJECTED from trunk\SkinTest\AndroidManifest.xml
		INJECTED from trunk\SkinTest\AndroidManifest.xml
	xmlns:android
		ADDED from trunk\SkinTest\AndroidManifest.xml:2:11-69
uses-sdk
ADDED from trunk\SkinTest\AndroidManifest.xml:7:5-9:41
	android:targetSdkVersion
		ADDED from trunk\SkinTest\AndroidManifest.xml:9:9-38
	android:minSdkVersion
		ADDED from trunk\SkinTest\AndroidManifest.xml:8:9-35
uses-permission#android.permission.WRITE_EXTERNAL_STORAGE
ADDED from trunk\SkinTest\AndroidManifest.xml:11:5-81
	android:name
		ADDED from trunk\SkinTest\AndroidManifest.xml:11:22-78
application
ADDED from trunk\SkinTest\AndroidManifest.xml:13:5-31:19
	android:label
		ADDED from trunk\SkinTest\AndroidManifest.xml:17:9-41
	android:allowBackup
		ADDED from trunk\SkinTest\AndroidManifest.xml:15:9-35
	android:icon
		ADDED from trunk\SkinTest\AndroidManifest.xml:16:9-45
	android:theme
		ADDED from trunk\SkinTest\AndroidManifest.xml:18:9-43
	android:name
		ADDED from trunk\SkinTest\AndroidManifest.xml:14:9-56
activity#com.iflytek.main.Home
ADDED from trunk\SkinTest\AndroidManifest.xml:19:9-27:20
	android:label
		ADDED from trunk\SkinTest\AndroidManifest.xml:21:13-56
	android:name
		ADDED from trunk\SkinTest\AndroidManifest.xml:20:13-49
intent-filter#android.intent.action.MAIN+android.intent.category.LAUNCHER
ADDED from trunk\SkinTest\AndroidManifest.xml:22:13-26:29
action#android.intent.action.MAIN
ADDED from trunk\SkinTest\AndroidManifest.xml:23:17-69
	android:name
		ADDED from trunk\SkinTest\AndroidManifest.xml:23:25-66
category#android.intent.category.LAUNCHER
ADDED from trunk\SkinTest\AndroidManifest.xml:25:17-77
	android:name
		ADDED from trunk\SkinTest\AndroidManifest.xml:25:27-74
activity#com.iflytek.main.SettingActivity
ADDED from trunk\SkinTest\AndroidManifest.xml:28:9-30:71
	android:label
		ADDED from trunk\SkinTest\AndroidManifest.xml:30:13-59
	android:name
		ADDED from trunk\SkinTest\AndroidManifest.xml:29:13-60